<?xml version="1.0" encoding="UTF-8"?>
<testng-results ignored="0" total="1" passed="1" failed="0" skipped="0">
  <reporter-output>
  </reporter-output>
  <suite started-at="2022-05-21T15:41:18 EDT" name="Default suite" finished-at="2022-05-21T15:41:49 EDT" duration-ms="31394">
    <groups>
    </groups>
    <test started-at="2022-05-21T15:41:18 EDT" name="Default test" finished-at="2022-05-21T15:41:49 EDT" duration-ms="31394">
      <class name="com.crowdstrike.test.CreateAccountTest">
        <test-method signature="createNewUser()[pri:0, instance:com.crowdstrike.test.CreateAccountTest@31368b99]" started-at="2022-05-21T15:41:18 EDT" name="createNewUser" finished-at="2022-05-21T15:41:49 EDT" duration-ms="31349" status="PASS">
          <reporter-output>
          </reporter-output>
        </test-method> <!-- createNewUser -->
      </class> <!-- com.crowdstrike.test.CreateAccountTest -->
    </test> <!-- Default test -->
  </suite> <!-- Default suite -->
</testng-results>
